<?xml version="1.0" encoding="UTF-8"?>
<robot generator="Robot 4.1.2 (Python 3.9.7 on darwin)" generated="20211211 14:21:35.049" rpa="false" schemaversion="2">
<suite id="s1" name="Mobile" source="/Users/mac/Documents/TEST/Belajar-RobotFramework-Mobile/mobile.robot">
<test id="s1-t1" name="As a user i want to open API Demos apps">
<kw name="Start Session" type="SETUP">
<kw name="Set Appium Timeout" library="AppiumLibrary">
<arg>10</arg>
<doc>Sets the timeout in seconds used by various keywords.</doc>
<status status="PASS" starttime="20211211 14:21:35.515" endtime="20211211 14:21:35.515"/>
</kw>
<kw name="Open Application" library="AppiumLibrary">
<arg>http://localhost:8200/wd/hub</arg>
<arg>automationName=UiAutomator2</arg>
<arg>platformName=Android</arg>
<arg>deviceName=emulator-5554</arg>
<arg>appPackage=io.appium.android.apis</arg>
<arg>appActivity=io.appium.android.apis.ApiDemos</arg>
<arg>autoGrantPermissions=true</arg>
<arg>noReset=true</arg>
<doc>Opens a new application to given Appium server.
Capabilities of appium server, Android and iOS,
Please check https://github.com/appium/appium/blob/master/docs/en/writing-running-appium/server-args.md
| *Option*            | *Man.* | *Description*     |
| remote_url          | Yes    | Appium server url |
| alias               | no     | alias             |</doc>
<status status="PASS" starttime="20211211 14:21:35.515" endtime="20211211 14:21:49.202"/>
</kw>
<kw name="Sleep" library="BuiltIn">
<arg>1</arg>
<doc>Pauses the test executed for the given time.</doc>
<msg timestamp="20211211 14:21:50.203" level="INFO">Slept 1 second</msg>
<status status="PASS" starttime="20211211 14:21:49.202" endtime="20211211 14:21:50.203"/>
</kw>
<status status="PASS" starttime="20211211 14:21:35.513" endtime="20211211 14:21:50.204"/>
</kw>
<kw name="Page Should Contain Text" library="AppiumLibrary">
<arg>Accessibility</arg>
<doc>Verifies that current page contains `text`.</doc>
<msg timestamp="20211211 14:21:50.690" level="INFO">Current page contains text 'Accessibility'.</msg>
<status status="PASS" starttime="20211211 14:21:50.205" endtime="20211211 14:21:50.690"/>
</kw>
<kw name="Tap" library="AppiumLibrary">
<arg>${accessibility}</arg>
<doc>Tap element identified by ``locator``. </doc>
<status status="PASS" starttime="20211211 14:21:50.691" endtime="20211211 14:21:52.110"/>
</kw>
<kw name="Sleep" library="BuiltIn">
<arg>1</arg>
<doc>Pauses the test executed for the given time.</doc>
<msg timestamp="20211211 14:21:53.112" level="INFO">Slept 1 second</msg>
<status status="PASS" starttime="20211211 14:21:52.110" endtime="20211211 14:21:53.112"/>
</kw>
<kw name="Page Should Contain Text" library="AppiumLibrary">
<arg>Accessibility Node Provider</arg>
<doc>Verifies that current page contains `text`.</doc>
<msg timestamp="20211211 14:21:54.189" level="INFO">Current page contains text 'Accessibility Node Provider'.</msg>
<status status="PASS" starttime="20211211 14:21:53.113" endtime="20211211 14:21:54.189"/>
</kw>
<kw name="Close Application" type="TEARDOWN">
<kw name="Capture Page Screenshot" library="AppiumLibrary">
<doc>Takes a screenshot of the current page and embeds it into the log.</doc>
<msg timestamp="20211211 14:21:55.391" level="INFO" html="true">&lt;/td&gt;&lt;/tr&gt;&lt;tr&gt;&lt;td colspan="3"&gt;&lt;a href="appium-screenshot-1.png"&gt;&lt;img src="appium-screenshot-1.png" width="800px"&gt;&lt;/a&gt;</msg>
<status status="PASS" starttime="20211211 14:21:54.190" endtime="20211211 14:21:55.392"/>
</kw>
<kw name="Quit Application" library="AppiumLibrary">
<doc>Quit application. Application can be quit while Appium session is kept alive.
This keyword can be used to close application during test case or between test cases.</doc>
<status status="PASS" starttime="20211211 14:21:55.392" endtime="20211211 14:21:55.706"/>
</kw>
<status status="PASS" starttime="20211211 14:21:54.190" endtime="20211211 14:21:55.706"/>
</kw>
<status status="PASS" starttime="20211211 14:21:35.500" endtime="20211211 14:21:55.706"/>
</test>
<test id="s1-t2" name="As a user i want to validate inside the accessibility node provider should showing enable talkback settings">
<kw name="Start Session" type="SETUP">
<kw name="Set Appium Timeout" library="AppiumLibrary">
<arg>10</arg>
<doc>Sets the timeout in seconds used by various keywords.</doc>
<status status="PASS" starttime="20211211 14:21:55.708" endtime="20211211 14:21:55.708"/>
</kw>
<kw name="Open Application" library="AppiumLibrary">
<arg>http://localhost:8200/wd/hub</arg>
<arg>automationName=UiAutomator2</arg>
<arg>platformName=Android</arg>
<arg>deviceName=emulator-5554</arg>
<arg>appPackage=io.appium.android.apis</arg>
<arg>appActivity=io.appium.android.apis.ApiDemos</arg>
<arg>autoGrantPermissions=true</arg>
<arg>noReset=true</arg>
<doc>Opens a new application to given Appium server.
Capabilities of appium server, Android and iOS,
Please check https://github.com/appium/appium/blob/master/docs/en/writing-running-appium/server-args.md
| *Option*            | *Man.* | *Description*     |
| remote_url          | Yes    | Appium server url |
| alias               | no     | alias             |</doc>
<kw name="Capture Page Screenshot" library="AppiumLibrary">
<doc>Takes a screenshot of the current page and embeds it into the log.</doc>
<status status="FAIL" starttime="20211211 14:22:05.813" endtime="20211211 14:22:05.813"/>
</kw>
<msg timestamp="20211211 14:22:05.815" level="WARN">Keyword 'Capture Page Screenshot' could not be run on failure: Execution terminated by signal</msg>
<status status="FAIL" starttime="20211211 14:21:55.708" endtime="20211211 14:22:05.816"/>
</kw>
<kw name="Sleep" library="BuiltIn">
<arg>1</arg>
<doc>Pauses the test executed for the given time.</doc>
<status status="NOT RUN" starttime="20211211 14:22:05.816" endtime="20211211 14:22:05.816"/>
</kw>
<status status="FAIL" starttime="20211211 14:21:55.707" endtime="20211211 14:22:05.816"/>
</kw>
<kw name="Close Application" type="TEARDOWN">
<kw name="Capture Page Screenshot" library="AppiumLibrary">
<doc>Takes a screenshot of the current page and embeds it into the log.</doc>
<kw name="Capture Page Screenshot" library="AppiumLibrary">
<doc>Takes a screenshot of the current page and embeds it into the log.</doc>
<msg timestamp="20211211 14:22:05.860" level="FAIL">WebDriverException: Message: An unknown server-side error occurred while processing the command. Original error: 'GET /screenshot' cannot be proxied to UiAutomator2 server because the instrumentation process is not running (probably crashed). Check the server log and/or the logcat output for more details
</msg>
<status status="FAIL" starttime="20211211 14:22:05.845" endtime="20211211 14:22:05.860"/>
</kw>
<msg timestamp="20211211 14:22:05.863" level="WARN">Keyword 'Capture Page Screenshot' could not be run on failure: WebDriverException: Message: An unknown server-side error occurred while processing the command. Original error: 'GET /screenshot' cannot be proxied to UiAutomator2 server because the instrumentation process is not running (probably crashed). Check the server log and/or the logcat output for more details
</msg>
<msg timestamp="20211211 14:22:05.866" level="FAIL">WebDriverException: Message: An unknown server-side error occurred while processing the command. Original error: 'GET /screenshot' cannot be proxied to UiAutomator2 server because the instrumentation process is not running (probably crashed). Check the server log and/or the logcat output for more details
</msg>
<status status="FAIL" starttime="20211211 14:22:05.817" endtime="20211211 14:22:05.866"/>
</kw>
<kw name="Quit Application" library="AppiumLibrary">
<doc>Quit application. Application can be quit while Appium session is kept alive.
This keyword can be used to close application during test case or between test cases.</doc>
<status status="PASS" starttime="20211211 14:22:05.866" endtime="20211211 14:22:06.058"/>
</kw>
<status status="FAIL" starttime="20211211 14:22:05.817" endtime="20211211 14:22:06.058">WebDriverException: Message: An unknown server-side error occurred while processing the command. Original error: 'GET /screenshot' cannot be proxied to UiAutomator2 server because the instrumentation process is not running (probably crashed). Check the server log and/or the logcat output for more details
</status>
</kw>
<status status="FAIL" starttime="20211211 14:21:55.707" endtime="20211211 14:22:06.060">Setup failed:
Execution terminated by signal

Also teardown failed:
WebDriverException: Message: An unknown server-side error occurred while processing the command. Original error: 'GET /screenshot' cannot be proxied to UiAutomator2 server because the instrumentation process is not running (probably crashed). Check the server log and/or the logcat output for more details
</status>
</test>
<status status="FAIL" starttime="20211211 14:21:35.052" endtime="20211211 14:22:06.064"/>
</suite>
<statistics>
<total>
<stat pass="1" fail="1" skip="0">All Tests</stat>
</total>
<tag>
</tag>
<suite>
<stat pass="1" fail="1" skip="0" id="s1" name="Mobile">Mobile</stat>
</suite>
</statistics>
<errors>
<msg timestamp="20211211 14:22:05.815" level="WARN">Keyword 'Capture Page Screenshot' could not be run on failure: Execution terminated by signal</msg>
<msg timestamp="20211211 14:22:05.863" level="WARN">Keyword 'Capture Page Screenshot' could not be run on failure: WebDriverException: Message: An unknown server-side error occurred while processing the command. Original error: 'GET /screenshot' cannot be proxied to UiAutomator2 server because the instrumentation process is not running (probably crashed). Check the server log and/or the logcat output for more details
</msg>
</errors>
</robot>
