<?xml version="1.0" encoding="UTF-8"?>
<robot generator="Robot 4.1.2 (Python 3.9.7 on darwin)" generated="20211212 16:01:47.674" rpa="false" schemaversion="2">
<suite id="s1" name="apiDemosStep" source="/Users/mac/Documents/TEST/Belajar-RobotFramework-Mobile/Step/apiDemosStep.robot">
<kw name="Start Session Apps" library="apiDemosPage" type="SETUP">
<kw name="Set Appium Timeout" library="AppiumLibrary">
<arg>10</arg>
<doc>Sets the timeout in seconds used by various keywords.</doc>
<status status="PASS" starttime="20211212 16:01:47.940" endtime="20211212 16:01:47.941"/>
</kw>
<kw name="Open Application" library="AppiumLibrary">
<arg>http://localhost:8200/wd/hub</arg>
<arg>automationName=UiAutomator2</arg>
<arg>platformName=Android</arg>
<arg>deviceName=emulator-5554</arg>
<arg>appPackage=io.appium.android.apis</arg>
<arg>appActivity=io.appium.android.apis.ApiDemos</arg>
<arg>autoGrantPermissions=true</arg>
<arg>noReset=true</arg>
<doc>Opens a new application to given Appium server.
Capabilities of appium server, Android and iOS,
Please check https://github.com/appium/appium/blob/master/docs/en/writing-running-appium/server-args.md
| *Option*            | *Man.* | *Description*     |
| remote_url          | Yes    | Appium server url |
| alias               | no     | alias             |</doc>
<status status="PASS" starttime="20211212 16:01:47.941" endtime="20211212 16:01:54.875"/>
</kw>
<kw name="Sleep" library="BuiltIn">
<arg>1</arg>
<doc>Pauses the test executed for the given time.</doc>
<msg timestamp="20211212 16:01:55.876" level="INFO">Slept 1 second</msg>
<status status="PASS" starttime="20211212 16:01:54.875" endtime="20211212 16:01:55.876"/>
</kw>
<status status="PASS" starttime="20211212 16:01:47.940" endtime="20211212 16:01:55.876"/>
</kw>
<test id="s1-t1" name="As a user i want to open API Demos apps">
<kw name="Page Should Contain Text" library="AppiumLibrary">
<arg>Accessibility</arg>
<doc>Verifies that current page contains `text`.</doc>
<msg timestamp="20211212 16:01:56.051" level="INFO">Current page contains text 'Accessibility'.</msg>
<status status="PASS" starttime="20211212 16:01:55.877" endtime="20211212 16:01:56.051"/>
</kw>
<kw name="Tap" library="AppiumLibrary">
<arg>${accessibility}</arg>
<doc>Tap element identified by ``locator``. </doc>
<status status="PASS" starttime="20211212 16:01:56.051" endtime="20211212 16:01:57.577"/>
</kw>
<kw name="Sleep" library="BuiltIn">
<arg>1</arg>
<doc>Pauses the test executed for the given time.</doc>
<msg timestamp="20211212 16:01:58.579" level="INFO">Slept 1 second</msg>
<status status="PASS" starttime="20211212 16:01:57.577" endtime="20211212 16:01:58.579"/>
</kw>
<kw name="Page Should Contain Text" library="AppiumLibrary">
<arg>Accessibility Node Provider</arg>
<doc>Verifies that current page contains `text`.</doc>
<msg timestamp="20211212 16:01:58.728" level="INFO">Current page contains text 'Accessibility Node Provider'.</msg>
<status status="PASS" starttime="20211212 16:01:58.579" endtime="20211212 16:01:58.728"/>
</kw>
<status status="PASS" starttime="20211212 16:01:55.876" endtime="20211212 16:01:58.728"/>
</test>
<test id="s1-t2" name="As a user i want to open accessibility node Provider">
<kw name="Tap" library="AppiumLibrary">
<arg>${accessibility_node_provider}</arg>
<doc>Tap element identified by ``locator``. </doc>
<status status="PASS" starttime="20211212 16:01:58.729" endtime="20211212 16:01:59.823"/>
</kw>
<kw name="Page Should Contain Text" library="AppiumLibrary">
<arg>Enable TalkBack</arg>
<doc>Verifies that current page contains `text`.</doc>
<msg timestamp="20211212 16:01:59.873" level="INFO">Current page contains text 'Enable TalkBack'.</msg>
<status status="PASS" starttime="20211212 16:01:59.823" endtime="20211212 16:01:59.873"/>
</kw>
<status status="PASS" starttime="20211212 16:01:58.728" endtime="20211212 16:01:59.873"/>
</test>
<kw name="Close Apps" library="apiDemosPage" type="TEARDOWN">
<kw name="Capture Page Screenshot" library="AppiumLibrary">
<doc>Takes a screenshot of the current page and embeds it into the log.</doc>
<msg timestamp="20211212 16:02:00.250" level="INFO" html="true">&lt;/td&gt;&lt;/tr&gt;&lt;tr&gt;&lt;td colspan="3"&gt;&lt;a href="appium-screenshot-1.png"&gt;&lt;img src="appium-screenshot-1.png" width="800px"&gt;&lt;/a&gt;</msg>
<status status="PASS" starttime="20211212 16:01:59.875" endtime="20211212 16:02:00.250"/>
</kw>
<kw name="Quit Application" library="AppiumLibrary">
<doc>Quit application. Application can be quit while Appium session is kept alive.
This keyword can be used to close application during test case or between test cases.</doc>
<status status="PASS" starttime="20211212 16:02:00.250" endtime="20211212 16:02:00.391"/>
</kw>
<status status="PASS" starttime="20211212 16:01:59.874" endtime="20211212 16:02:00.391"/>
</kw>
<status status="PASS" starttime="20211212 16:01:47.675" endtime="20211212 16:02:00.391"/>
</suite>
<statistics>
<total>
<stat pass="2" fail="0" skip="0">All Tests</stat>
</total>
<tag>
</tag>
<suite>
<stat pass="2" fail="0" skip="0" id="s1" name="apiDemosStep">apiDemosStep</stat>
</suite>
</statistics>
<errors>
</errors>
</robot>
